<?xml version="1.0" encoding="UTF-8"?>
<!-- Generated by org.testng.reporters.JUnitReportReporter -->
<testsuite hostname="IL-MF10-NA102OH" failures="0" tests="1" name="com.qa.test.GetAPITest" time="1.853" errors="0" timestamp="07 Aug 2019 07:11:35 GMT" skipped="0">
  <testcase classname="com.qa.test.GetAPITest" name="getAPITest" time="1.853"/>
</testsuite> <!-- com.qa.test.GetAPITest -->
